2024-03-28 12:47:02,413:WARNING:
'cuml' is a soft dependency and not included in the pycaret installation. Please run: `pip install cuml` to install.
2024-03-28 12:47:02,413:WARNING:
'cuml' is a soft dependency and not included in the pycaret installation. Please run: `pip install cuml` to install.
2024-03-28 12:47:02,413:WARNING:
'cuml' is a soft dependency and not included in the pycaret installation. Please run: `pip install cuml` to install.
2024-03-28 12:47:02,413:WARNING:
'cuml' is a soft dependency and not included in the pycaret installation. Please run: `pip install cuml` to install.
2024-03-28 12:47:08,090:INFO:Initializing load_model()
2024-03-28 12:47:08,090:INFO:load_model(model_name=/, platform=None, authentication=None, verbose=True)
2024-03-28 12:47:42,211:WARNING:
'cuml' is a soft dependency and not included in the pycaret installation. Please run: `pip install cuml` to install.
2024-03-28 12:47:42,211:WARNING:
'cuml' is a soft dependency and not included in the pycaret installation. Please run: `pip install cuml` to install.
2024-03-28 12:47:42,211:WARNING:
'cuml' is a soft dependency and not included in the pycaret installation. Please run: `pip install cuml` to install.
2024-03-28 12:47:42,211:WARNING:
'cuml' is a soft dependency and not included in the pycaret installation. Please run: `pip install cuml` to install.
2024-03-28 12:47:43,976:INFO:Initializing load_model()
2024-03-28 12:47:43,976:INFO:load_model(model_name=code, platform=None, authentication=None, verbose=True)
2024-03-28 12:47:44,147:WARNING:C:\Users\talla\AppData\Local\Packages\PythonSoftwareFoundation.Python.3.11_qbz5n2kfra8p0\LocalCache\local-packages\Python311\site-packages\pycaret\internal\pipeline.py:145: UserWarning: Version mismatch:
current: {'deps_info': {'pip': '24.0', 'setuptools': '65.5.0', 'pycaret': '3.2.0', 'IPython': '8.13.2', 'ipywidgets': '8.1.1', 'tqdm': '4.66.1', 'numpy': '1.25.2', 'pandas': '1.5.3', 'jinja2': '3.1.2', 'scipy': '1.10.1', 'joblib': '1.3.2', 'sklearn': '1.2.2', 'pyod': '1.1.2', 'imblearn': '0.11.0', 'category_encoders': '2.6.3', 'lightgbm': '4.1.0', 'numba': '0.58.1', 'requests': '2.31.0', 'matplotlib': '3.6.0', 'scikitplot': '0.3.7', 'yellowbrick': '1.5', 'plotly': '5.18.0', 'plotly-resampler': 'Not installed', 'kaleido': '0.2.1', 'schemdraw': '0.15', 'statsmodels': '0.14.0', 'sktime': '0.21.1', 'tbats': '1.1.3', 'pmdarima': '2.0.4', 'psutil': '5.9.5', 'markupsafe': '2.1.3', 'pickle5': 'Not installed', 'cloudpickle': '2.2.1', 'deprecation': '2.1.0', 'xxhash': '3.4.1', 'wurlitzer': 'Not installed'}, 'python': {'version': '3.11.8', 'machine': 'AMD64'}}
pickle: {'deps_info': {'pip': '23.2.1', 'setuptools': '65.5.0', 'pycaret': '3.2.0', 'IPython': '8.13.2', 'ipywidgets': '8.1.1', 'tqdm': '4.66.1', 'numpy': '1.25.2', 'pandas': '1.5.3', 'jinja2': '3.1.2', 'scipy': '1.10.1', 'joblib': '1.3.2', 'sklearn': '1.2.2', 'pyod': '1.1.2', 'imblearn': '0.11.0', 'category_encoders': '2.6.3', 'lightgbm': '4.1.0', 'numba': '0.58.1', 'requests': '2.31.0', 'matplotlib': '3.6.0', 'scikitplot': '0.3.7', 'yellowbrick': '1.5', 'plotly': '5.18.0', 'plotly-resampler': 'Not installed', 'kaleido': '0.2.1', 'schemdraw': '0.15', 'statsmodels': '0.14.0', 'sktime': '0.21.1', 'tbats': '1.1.3', 'pmdarima': '2.0.4', 'psutil': '5.9.5', 'markupsafe': '2.1.3', 'pickle5': 'Not installed', 'cloudpickle': '2.2.1', 'deprecation': '2.1.0', 'xxhash': '3.4.1', 'wurlitzer': 'Not installed'}, 'python': {'version': '3.11.7', 'machine': 'AMD64'}}
  warnings.warn(

2024-03-28 12:48:19,037:WARNING:c:\Users\talla\OneDrive\Desktop\memoireApp\function.py:12: FutureWarning: The frame.append method is deprecated and will be removed from pandas in a future version. Use pandas.concat instead.
  df = df.append(new_row, ignore_index=True)

2024-03-28 12:48:19,411:INFO:Initializing predict_model()
2024-03-28 12:48:19,411:INFO:predict_model(self=<pycaret.classification.oop.ClassificationExperiment object at 0x00000209D6944650>, estimator=Pipeline(memory=Memory(location=None),
         steps=[('numerical_imputer',
                 TransformerWrapper(include=['alco'],
                                    transformer=SimpleImputer())),
                ('categorical_imputer',
                 TransformerWrapper(include=['clusters', 'gender',
                                             'cholesterol', 'gluc', 'smoke',
                                             'active', 'age_group', 'BMI',
                                             'map', 'Diabetes'],
                                    transformer=SimpleImputer(strategy='most_frequent'))),
                ('ordinal_encoding'...
                 TransformerWrapper(transformer=FixImbalancer(estimator=SMOTE(random_state=42)))),
                ('normalize', TransformerWrapper(transformer=RobustScaler())),
                ('trained_model',
                 GradientBoostingClassifier(learning_rate=0.07669314119527637,
                                            max_features=0.616546641441506,
                                            min_impurity_decrease=1.1809678229368271e-07,
                                            min_samples_leaf=5,
                                            min_samples_split=10,
                                            n_estimators=197, random_state=42,
                                            subsample=0.8525132642220143))]), probability_threshold=None, encoded_labels=False, raw_score=False, round=4, verbose=True, ml_usecase=None, preprocess=True, encode_labels=<function _SupervisedExperiment.predict_model.<locals>.encode_labels at 0x00000209D70CA700>)
2024-03-28 12:48:19,411:INFO:Checking exceptions
2024-03-28 12:48:19,411:INFO:Preloading libraries
2024-03-28 12:48:19,411:INFO:Set up data.
2024-03-28 12:48:19,415:INFO:Set up index.
2024-03-30 00:07:52,361:WARNING:
'cuml' is a soft dependency and not included in the pycaret installation. Please run: `pip install cuml` to install.
2024-03-30 00:07:52,361:WARNING:
'cuml' is a soft dependency and not included in the pycaret installation. Please run: `pip install cuml` to install.
2024-03-30 00:07:52,361:WARNING:
'cuml' is a soft dependency and not included in the pycaret installation. Please run: `pip install cuml` to install.
2024-03-30 00:07:52,361:WARNING:
'cuml' is a soft dependency and not included in the pycaret installation. Please run: `pip install cuml` to install.
2024-03-30 00:08:02,735:INFO:Initializing load_model()
2024-03-30 00:08:02,735:INFO:load_model(model_name=/, platform=None, authentication=None, verbose=True)
2024-03-30 00:14:43,683:WARNING:
'cuml' is a soft dependency and not included in the pycaret installation. Please run: `pip install cuml` to install.
2024-03-30 00:14:43,683:WARNING:
'cuml' is a soft dependency and not included in the pycaret installation. Please run: `pip install cuml` to install.
2024-03-30 00:14:43,683:WARNING:
'cuml' is a soft dependency and not included in the pycaret installation. Please run: `pip install cuml` to install.
2024-03-30 00:14:43,683:WARNING:
'cuml' is a soft dependency and not included in the pycaret installation. Please run: `pip install cuml` to install.
2024-03-30 00:14:45,318:INFO:Initializing load_model()
2024-03-30 00:14:45,318:INFO:load_model(model_name=/, platform=None, authentication=None, verbose=True)
